This is pdfTeX, Version 3.1415926-2.5-1.40.14 (TeX Live 2013/Debian) (format=pdflatex 2016.1.3)  5 JAN 2016 23:35
entering extended mode
 restricted \write18 enabled.
 %&-line parsing enabled.
**Thesis.tex
(./Thesis.tex
LaTeX2e <2011/06/27>
Babel <3.9h> and hyphenation patterns for 78 languages loaded.
(/usr/share/texlive/texmf-dist/tex/latex/base/report.cls
Document Class: report 2007/10/19 v1.4h Standard LaTeX document class
(/usr/share/texlive/texmf-dist/tex/latex/base/size12.clo
File: size12.clo 2007/10/19 v1.4h Standard LaTeX file (size option)
)
\c@part=\count79
\c@chapter=\count80
\c@section=\count81
\c@subsection=\count82
\c@subsubsection=\count83
\c@paragraph=\count84
\c@subparagraph=\count85
\c@figure=\count86
\c@table=\count87
\abovecaptionskip=\skip41
\belowcaptionskip=\skip42
\bibindent=\dimen102
)
(/usr/share/texlive/texmf-dist/tex/latex/graphics/graphicx.sty
Package: graphicx 1999/02/16 v1.0f Enhanced LaTeX Graphics (DPC,SPQR)

(/usr/share/texlive/texmf-dist/tex/latex/graphics/keyval.sty
Package: keyval 1999/03/16 v1.13 key=value parser (DPC)
\KV@toks@=\toks14
)
(/usr/share/texlive/texmf-dist/tex/latex/graphics/graphics.sty
Package: graphics 2009/02/05 v1.0o Standard LaTeX Graphics (DPC,SPQR)

(/usr/share/texlive/texmf-dist/tex/latex/graphics/trig.sty
Package: trig 1999/03/16 v1.09 sin cos tan (DPC)
)
(/usr/share/texlive/texmf-dist/tex/latex/latexconfig/graphics.cfg
File: graphics.cfg 2010/04/23 v1.9 graphics configuration of TeX Live
)
Package graphics Info: Driver file: pdftex.def on input line 91.

(/usr/share/texlive/texmf-dist/tex/latex/pdftex-def/pdftex.def
File: pdftex.def 2011/05/27 v0.06d Graphics/color for pdfTeX

(/usr/share/texlive/texmf-dist/tex/generic/oberdiek/infwarerr.sty
Package: infwarerr 2010/04/08 v1.3 Providing info/warning/error messages (HO)
)
(/usr/share/texlive/texmf-dist/tex/generic/oberdiek/ltxcmds.sty
Package: ltxcmds 2011/11/09 v1.22 LaTeX kernel commands for general use (HO)
)
\Gread@gobject=\count88
))
\Gin@req@height=\dimen103
\Gin@req@width=\dimen104
)
(/usr/share/texlive/texmf-dist/tex/latex/graphics/color.sty
Package: color 2005/11/14 v1.0j Standard LaTeX Color (DPC)

(/usr/share/texlive/texmf-dist/tex/latex/latexconfig/color.cfg
File: color.cfg 2007/01/18 v1.5 color configuration of teTeX/TeXLive
)
Package color Info: Driver file: pdftex.def on input line 130.
)
(/usr/share/texlive/texmf-dist/tex/latex/subfig/subfig.sty
Package: subfig 2005/06/28 ver: 1.3 subfig package

(/usr/share/texlive/texmf-dist/tex/latex/caption/caption.sty
Package: caption 2013/05/02 v3.3-89 Customizing captions (AR)

(/usr/share/texlive/texmf-dist/tex/latex/caption/caption3.sty
Package: caption3 2013/05/02 v1.6-88 caption3 kernel (AR)
Package caption3 Info: TeX engine: e-TeX on input line 57.
\captionmargin=\dimen105
\captionmargin@=\dimen106
\captionwidth=\dimen107
\caption@tempdima=\dimen108
\caption@indent=\dimen109
\caption@parindent=\dimen110
\caption@hangindent=\dimen111
)
\c@ContinuedFloat=\count89
)
\c@KVtest=\count90
\sf@farskip=\skip43
\sf@captopadj=\dimen112
\sf@capskip=\skip44
\sf@nearskip=\skip45
\c@subfigure=\count91
\c@subfigure@save=\count92
\c@lofdepth=\count93
\c@subtable=\count94
\c@subtable@save=\count95
\c@lotdepth=\count96
\sf@top=\skip46
\sf@bottom=\skip47
)
(/usr/share/texlive/texmf-dist/tex/latex/float/float.sty
Package: float 2001/11/08 v1.3d Float enhancements (AL)
\c@float@type=\count97
\float@exts=\toks15
\float@box=\box26
\@float@everytoks=\toks16
\@floatcapt=\box27
)
(/usr/share/texlive/texmf-dist/tex/latex/fancyhdr/fancyhdr.sty
\fancy@headwidth=\skip48
\f@ncyO@elh=\skip49
\f@ncyO@erh=\skip50
\f@ncyO@olh=\skip51
\f@ncyO@orh=\skip52
\f@ncyO@elf=\skip53
\f@ncyO@erf=\skip54
\f@ncyO@olf=\skip55
\f@ncyO@orf=\skip56
)
(/usr/share/texlive/texmf-dist/tex/latex/base/makeidx.sty
Package: makeidx 2000/03/29 v1.0m Standard LaTeX package
)
(/usr/share/texlive/texmf-dist/tex/latex/tocbibind/tocbibind.sty
Package: tocbibind 2010/10/13 v1.5k extra ToC listings
Package tocbibind Info: The document has chapter divisions on input line 50.


Package tocbibind Note: Using chapter style headings, unless overridden.

) (/usr/share/texlive/texmf-dist/tex/latex/supertabular/supertabular.sty
Package: supertabular 2004/02/20 v4.1e the supertabular environment
\c@tracingst=\count98
\ST@wd=\dimen113
\ST@rightskip=\skip57
\ST@leftskip=\skip58
\ST@parfillskip=\skip59
\ST@pageleft=\dimen114
\ST@headht=\dimen115
\ST@tailht=\dimen116
\ST@pagesofar=\dimen117
\ST@pboxht=\dimen118
\ST@lineht=\dimen119
\ST@stretchht=\dimen120
\ST@prevht=\dimen121
\ST@toadd=\dimen122
\ST@dimen=\dimen123
\ST@pbox=\box28
)
(/usr/share/texlive/texmf-dist/tex/latex/tools/array.sty
Package: array 2008/09/09 v2.4c Tabular extension package (FMi)
\col@sep=\dimen124
\extrarowheight=\dimen125
\NC@list=\toks17
\extratabsurround=\skip60
\backup@length=\skip61
)
(/usr/share/texlive/texmf-dist/tex/latex/setspace/setspace.sty
Package: setspace 2011/12/19 v6.7a set line spacing
)
(/usr/share/texlive/texmf-dist/tex/latex/tools/enumerate.sty
Package: enumerate 1999/03/05 v3.00 enumerate extensions (DPC)
\@enLab=\toks18
)
(/usr/share/texlive/texmf-dist/tex/latex/rotating/rotating.sty
Package: rotating 2009/03/28 v2.16a rotated objects in LaTeX

(/usr/share/texlive/texmf-dist/tex/latex/base/ifthen.sty
Package: ifthen 2001/05/26 v1.1c Standard LaTeX ifthen package (DPC)
)
\c@r@tfl@t=\count99
\rotFPtop=\skip62
\rotFPbot=\skip63
\rot@float@box=\box29
\rot@mess@toks=\toks19
)
(/usr/share/texlive/texmf-dist/tex/latex/moreverb/moreverb.sty
Package: moreverb 2008/06/03 v2.3a `more' verbatim facilities

(/usr/share/texlive/texmf-dist/tex/latex/tools/verbatim.sty
Package: verbatim 2003/08/22 v1.5q LaTeX2e package for verbatim enhancements
\every@verbatim=\toks20
\verbatim@line=\toks21
\verbatim@in@stream=\read1
)
\tab@position=\count100
\tab@size=\count101
\listing@line=\count102
)
(/usr/share/texlive/texmf-dist/tex/latex/multirow/multirow.sty
\bigstrutjot=\dimen126
)
(/usr/share/texlive/texmf-dist/tex/latex/amsmath/amsmath.sty
Package: amsmath 2013/01/14 v2.14 AMS math features
\@mathmargin=\skip64

For additional information on amsmath, use the `?' option.
(/usr/share/texlive/texmf-dist/tex/latex/amsmath/amstext.sty
Package: amstext 2000/06/29 v2.01

(/usr/share/texlive/texmf-dist/tex/latex/amsmath/amsgen.sty
File: amsgen.sty 1999/11/30 v2.0
\@emptytoks=\toks22
\ex@=\dimen127
))
(/usr/share/texlive/texmf-dist/tex/latex/amsmath/amsbsy.sty
Package: amsbsy 1999/11/29 v1.2d
\pmbraise@=\dimen128
)
(/usr/share/texlive/texmf-dist/tex/latex/amsmath/amsopn.sty
Package: amsopn 1999/12/14 v2.01 operator names
)
\inf@bad=\count103
LaTeX Info: Redefining \frac on input line 210.
\uproot@=\count104
\leftroot@=\count105
LaTeX Info: Redefining \overline on input line 306.
\classnum@=\count106
\DOTSCASE@=\count107
LaTeX Info: Redefining \ldots on input line 378.
LaTeX Info: Redefining \dots on input line 381.
LaTeX Info: Redefining \cdots on input line 466.
\Mathstrutbox@=\box30
\strutbox@=\box31
\big@size=\dimen129
LaTeX Font Info:    Redeclaring font encoding OML on input line 566.
LaTeX Font Info:    Redeclaring font encoding OMS on input line 567.
\macc@depth=\count108
\c@MaxMatrixCols=\count109
\dotsspace@=\muskip10
\c@parentequation=\count110
\dspbrk@lvl=\count111
\tag@help=\toks23
\row@=\count112
\column@=\count113
\maxfields@=\count114
\andhelp@=\toks24
\eqnshift@=\dimen130
\alignsep@=\dimen131
\tagshift@=\dimen132
\tagwidth@=\dimen133
\totwidth@=\dimen134
\lineht@=\dimen135
\@envbody=\toks25
\multlinegap=\skip65
\multlinetaggap=\skip66
\mathdisplay@stack=\toks26
LaTeX Info: Redefining \[ on input line 2665.
LaTeX Info: Redefining \] on input line 2666.
)
(/usr/share/texlive/texmf-dist/tex/latex/amscls/amsthm.sty
Package: amsthm 2004/08/06 v2.20
\thm@style=\toks27
\thm@bodyfont=\toks28
\thm@headfont=\toks29
\thm@notefont=\toks30
\thm@headpunct=\toks31
\thm@preskip=\skip67
\thm@postskip=\skip68
\thm@headsep=\skip69
\dth@everypar=\toks32
)
(/usr/share/texlive/texmf-dist/tex/latex/amsfonts/amssymb.sty
Package: amssymb 2013/01/14 v3.01 AMS font symbols

(/usr/share/texlive/texmf-dist/tex/latex/amsfonts/amsfonts.sty
Package: amsfonts 2013/01/14 v3.01 Basic AMSFonts support
\symAMSa=\mathgroup4
\symAMSb=\mathgroup5
LaTeX Font Info:    Overwriting math alphabet `\mathfrak' in version `bold'
(Font)                  U/euf/m/n --> U/euf/b/n on input line 106.
))
(/usr/share/texlive/texmf-dist/tex/latex/captcont/captcont.sty
Package: captcont 2002/02/14 v2.0 captcont package
)
(/usr/share/texlive/texmf-dist/tex/latex/titlesec/titlesec.sty
Package: titlesec 2011/12/15 v2.10.0 Sectioning titles
\ttl@box=\box32
\beforetitleunit=\skip70
\aftertitleunit=\skip71
\ttl@plus=\dimen136
\ttl@minus=\dimen137
\ttl@toksa=\toks33
\titlewidth=\dimen138
\titlewidthlast=\dimen139
\titlewidthfirst=\dimen140
)
(/usr/share/texlive/texmf-dist/tex/latex/url/url.sty
\Urlmuskip=\muskip11
Package: url 2013/09/16  ver 3.4  Verb mode for urls, etc.
)
(/usr/share/texlive/texmf-dist/tex/latex/hyperref/hyperref.sty
Package: hyperref 2012/11/06 v6.83m Hypertext links for LaTeX

(/usr/share/texlive/texmf-dist/tex/generic/oberdiek/hobsub-hyperref.sty
Package: hobsub-hyperref 2012/05/28 v1.13 Bundle oberdiek, subset hyperref (HO)


(/usr/share/texlive/texmf-dist/tex/generic/oberdiek/hobsub-generic.sty
Package: hobsub-generic 2012/05/28 v1.13 Bundle oberdiek, subset generic (HO)
Package: hobsub 2012/05/28 v1.13 Construct package bundles (HO)
Package hobsub Info: Skipping package `infwarerr' (already loaded).
Package hobsub Info: Skipping package `ltxcmds' (already loaded).
Package: ifluatex 2010/03/01 v1.3 Provides the ifluatex switch (HO)
Package ifluatex Info: LuaTeX not detected.
Package: ifvtex 2010/03/01 v1.5 Detect VTeX and its facilities (HO)
Package ifvtex Info: VTeX not detected.
Package: intcalc 2007/09/27 v1.1 Expandable calculations with integers (HO)
Package: ifpdf 2011/01/30 v2.3 Provides the ifpdf switch (HO)
Package ifpdf Info: pdfTeX in PDF mode is detected.
Package: etexcmds 2011/02/16 v1.5 Avoid name clashes with e-TeX commands (HO)
Package etexcmds Info: Could not find \expanded.
(etexcmds)             That can mean that you are not using pdfTeX 1.50 or
(etexcmds)             that some package has redefined \expanded.
(etexcmds)             In the latter case, load this package earlier.
Package: kvsetkeys 2012/04/25 v1.16 Key value parser (HO)
Package: kvdefinekeys 2011/04/07 v1.3 Define keys (HO)
Package: pdftexcmds 2011/11/29 v0.20 Utility functions of pdfTeX for LuaTeX (HO
)
Package pdftexcmds Info: LuaTeX not detected.
Package pdftexcmds Info: \pdf@primitive is available.
Package pdftexcmds Info: \pdf@ifprimitive is available.
Package pdftexcmds Info: \pdfdraftmode found.
Package: pdfescape 2011/11/25 v1.13 Implements pdfTeX's escape features (HO)
Package: bigintcalc 2012/04/08 v1.3 Expandable calculations on big integers (HO
)
Package: bitset 2011/01/30 v1.1 Handle bit-vector datatype (HO)
Package: uniquecounter 2011/01/30 v1.2 Provide unlimited unique counter (HO)
)
Package hobsub Info: Skipping package `hobsub' (already loaded).
Package: letltxmacro 2010/09/02 v1.4 Let assignment for LaTeX macros (HO)
Package: hopatch 2012/05/28 v1.2 Wrapper for package hooks (HO)
Package: xcolor-patch 2011/01/30 xcolor patch
Package: atveryend 2011/06/30 v1.8 Hooks at the very end of document (HO)
Package atveryend Info: \enddocument detected (standard20110627).
Package: atbegshi 2011/10/05 v1.16 At begin shipout hook (HO)
Package: refcount 2011/10/16 v3.4 Data extraction from label references (HO)
Package: hycolor 2011/01/30 v1.7 Color options for hyperref/bookmark (HO)
)
(/usr/share/texlive/texmf-dist/tex/generic/ifxetex/ifxetex.sty
Package: ifxetex 2010/09/12 v0.6 Provides ifxetex conditional
)
(/usr/share/texlive/texmf-dist/tex/latex/oberdiek/auxhook.sty
Package: auxhook 2011/03/04 v1.3 Hooks for auxiliary files (HO)
)
(/usr/share/texlive/texmf-dist/tex/latex/oberdiek/kvoptions.sty
Package: kvoptions 2011/06/30 v3.11 Key value format for package options (HO)
)
\@linkdim=\dimen141
\Hy@linkcounter=\count115
\Hy@pagecounter=\count116

(/usr/share/texlive/texmf-dist/tex/latex/hyperref/pd1enc.def
File: pd1enc.def 2012/11/06 v6.83m Hyperref: PDFDocEncoding definition (HO)
)
\Hy@SavedSpaceFactor=\count117

(/usr/share/texlive/texmf-dist/tex/latex/latexconfig/hyperref.cfg
File: hyperref.cfg 2002/06/06 v1.2 hyperref configuration of TeXLive
)
Package hyperref Info: Hyper figures OFF on input line 4443.
Package hyperref Info: Link nesting OFF on input line 4448.
Package hyperref Info: Hyper index ON on input line 4451.
Package hyperref Info: Plain pages OFF on input line 4458.
Package hyperref Info: Backreferencing OFF on input line 4463.
Package hyperref Info: Implicit mode ON; LaTeX internals redefined.
Package hyperref Info: Bookmarks ON on input line 4688.
\c@Hy@tempcnt=\count118
LaTeX Info: Redefining \url on input line 5041.
\XeTeXLinkMargin=\dimen142
\Fld@menulength=\count119
\Field@Width=\dimen143
\Fld@charsize=\dimen144
Package hyperref Info: Hyper figures OFF on input line 6295.
Package hyperref Info: Link nesting OFF on input line 6300.
Package hyperref Info: Hyper index ON on input line 6303.
Package hyperref Info: backreferencing OFF on input line 6310.
Package hyperref Info: Link coloring OFF on input line 6315.
Package hyperref Info: Link coloring with OCG OFF on input line 6320.
Package hyperref Info: PDF/A mode OFF on input line 6325.
LaTeX Info: Redefining \ref on input line 6365.
LaTeX Info: Redefining \pageref on input line 6369.
\Hy@abspage=\count120
\c@Item=\count121
\c@Hfootnote=\count122
)

Package hyperref Message: Driver (autodetected): hpdftex.

(/usr/share/texlive/texmf-dist/tex/latex/hyperref/hpdftex.def
File: hpdftex.def 2012/11/06 v6.83m Hyperref driver for pdfTeX
\Fld@listcount=\count123
\c@bookmark@seq@number=\count124

(/usr/share/texlive/texmf-dist/tex/latex/oberdiek/rerunfilecheck.sty
Package: rerunfilecheck 2011/04/15 v1.7 Rerun checks for auxiliary files (HO)
Package uniquecounter Info: New unique counter `rerunfilecheck' on input line 2
82.
)
\Hy@SectionHShift=\skip72
)
(/usr/share/texlive/texmf-dist/tex/latex/lipsum/lipsum.sty
Package: lipsum 2011/04/14 v1.2 150 paragraphs of Lorem Ipsum dummy text
\c@lips@count=\count125
)

Package Fancyhdr Warning: \fancyhead's `E' option without twoside option is use
less on input line 52.


Package Fancyhdr Warning: \fancyhead's `E' option without twoside option is use
less on input line 54.

\@float@every@figure=\toks34
\c@claim=\count126
\c@theorem=\count127
\c@defn=\count128
\c@fact=\count129
(./Thesis.aux (./titlepage.aux) (./certificate.aux) (./abstract.aux)
(./acknowledgement.aux) (./chapter1.aux) (./chapter2.aux) (./chapter3.aux)
(./chapter4.aux) (./chapter5.aux))
\openout1 = `Thesis.aux'.

LaTeX Font Info:    Checking defaults for OML/cmm/m/it on input line 99.
LaTeX Font Info:    ... okay on input line 99.
LaTeX Font Info:    Checking defaults for T1/cmr/m/n on input line 99.
LaTeX Font Info:    ... okay on input line 99.
LaTeX Font Info:    Checking defaults for OT1/cmr/m/n on input line 99.
LaTeX Font Info:    ... okay on input line 99.
LaTeX Font Info:    Checking defaults for OMS/cmsy/m/n on input line 99.
LaTeX Font Info:    ... okay on input line 99.
LaTeX Font Info:    Checking defaults for OMX/cmex/m/n on input line 99.
LaTeX Font Info:    ... okay on input line 99.
LaTeX Font Info:    Checking defaults for U/cmr/m/n on input line 99.
LaTeX Font Info:    ... okay on input line 99.
LaTeX Font Info:    Checking defaults for PD1/pdf/m/n on input line 99.
LaTeX Font Info:    ... okay on input line 99.

(/usr/share/texlive/texmf-dist/tex/context/base/supp-pdf.mkii
[Loading MPS to PDF converter (version 2006.09.02).]
\scratchcounter=\count130
\scratchdimen=\dimen145
\scratchbox=\box33
\nofMPsegments=\count131
\nofMParguments=\count132
\everyMPshowfont=\toks35
\MPscratchCnt=\count133
\MPscratchDim=\dimen146
\MPnumerator=\count134
\makeMPintoPDFobject=\count135
\everyMPtoPDFconversion=\toks36
) (/usr/share/texlive/texmf-dist/tex/latex/oberdiek/epstopdf-base.sty
Package: epstopdf-base 2010/02/09 v2.5 Base part for package epstopdf

(/usr/share/texlive/texmf-dist/tex/latex/oberdiek/grfext.sty
Package: grfext 2010/08/19 v1.1 Manage graphics extensions (HO)
)
Package grfext Info: Graphics extension search list:
(grfext)             [.png,.pdf,.jpg,.mps,.jpeg,.jbig2,.jb2,.PNG,.PDF,.JPG,.JPE
G,.JBIG2,.JB2,.eps]
(grfext)             \AppendGraphicsExtensions on input line 452.

(/usr/share/texlive/texmf-dist/tex/latex/latexconfig/epstopdf-sys.cfg
File: epstopdf-sys.cfg 2010/07/13 v1.3 Configuration of (r)epstopdf for TeX Liv
e
))
Package caption Info: Begin \AtBeginDocument code.
Package caption Info: subfig package v1.3 is loaded.
Package caption Info: float package is loaded.
Package caption Info: hyperref package is loaded.
Package caption Info: rotating package is loaded.
Package caption Info: supertabular package is loaded.
Package caption Info: End \AtBeginDocument code.
\AtBeginShipoutBox=\box34
Package hyperref Info: Link coloring OFF on input line 99.

(/usr/share/texlive/texmf-dist/tex/latex/hyperref/nameref.sty
Package: nameref 2012/10/27 v2.43 Cross-referencing by name of section

(/usr/share/texlive/texmf-dist/tex/generic/oberdiek/gettitlestring.sty
Package: gettitlestring 2010/12/03 v1.4 Cleanup title references (HO)
)
\c@section@level=\count136
)
LaTeX Info: Redefining \ref on input line 99.
LaTeX Info: Redefining \pageref on input line 99.
LaTeX Info: Redefining \nameref on input line 99.

(./Thesis.out) (./Thesis.out)
\@outlinefile=\write3
\openout3 = `Thesis.out'.

\openout2 = `titlepage.aux'.

 (./titlepage.tex
<./Figures/iit_logo.pdf, id=136, 523.60315pt x 553.20177pt>
File: ./Figures/iit_logo.pdf Graphic file (type pdf)

<use ./Figures/iit_logo.pdf>
Package pdftex.def Info: ./Figures/iit_logo.pdf used on input line 28.
(pdftex.def)             Requested size: 104.71877pt x 110.63838pt.


LaTeX Font Warning: Font shape `OT1/cmr/bx/sc' undefined
(Font)              using `OT1/cmr/bx/n' instead on input line 32.

[1


{/var/lib/texmf/fonts/map/pdftex/updmap/pdftex.map} <./Figures/iit_logo.pdf>])
\openout2 = `certificate.aux'.

 (./certificate.tex)
Underfull \hbox (badness 10000) in paragraph at lines 13--110

 []

pdfTeX warning (ext4): destination with the same identifier (name{page.1}) has 
been already used, duplicate ignored
<to be read again> 
                   \relax 
l.110 \include{certificate}
                            [1


]
\openout2 = `abstract.aux'.

 (./abstract.tex
Missing character: There is no ‚ in font cmr12!
Missing character: There is no Ä in font cmr12!
Missing character: There is no ô in font cmr12!
) [2


]
\openout2 = `acknowledgement.aux'.

 (./acknowledgement.tex)
[3


] (./Thesis.toc
LaTeX Font Info:    Try loading font information for U+msa on input line 2.
 (/usr/share/texlive/texmf-dist/tex/latex/amsfonts/umsa.fd
File: umsa.fd 2013/01/14 v3.01 AMS symbols A
)
LaTeX Font Info:    Try loading font information for U+msb on input line 2.

(/usr/share/texlive/texmf-dist/tex/latex/amsfonts/umsb.fd
File: umsb.fd 2013/01/14 v3.01 AMS symbols B
)
LaTeX Font Info:    Try loading font information for OMS+cmr on input line 26.

(/usr/share/texlive/texmf-dist/tex/latex/base/omscmr.fd
File: omscmr.fd 1999/05/25 v2.5h Standard LaTeX font definitions
)
LaTeX Font Info:    Font shape `OMS/cmr/m/it' in size <12> not available
(Font)              Font shape `OMS/cmsy/m/n' tried instead on input line 26.
LaTeX Font Info:    Font shape `OMS/cmr/m/n' in size <12> not available
(Font)              Font shape `OMS/cmsy/m/n' tried instead on input line 26.
 [4



])
\tf@toc=\write4
\openout4 = `Thesis.toc'.

 [5] (./Thesis.lof)
\tf@lof=\write5
\openout5 = `Thesis.lof'.

 [6


] [7] (./Thesis.lot)
\tf@lot=\write6
\openout6 = `Thesis.lot'.

 [8


]
\openout2 = `chapter1.aux'.

 (./chapter1.tex
Chapter 1.
Missing character: There is no ‚ in font cmr12!
Missing character: There is no Ä in font cmr12!
Missing character: There is no ã in font cmr12!
Missing character: There is no ‚ in font cmr12!
Missing character: There is no Ä in font cmr12!
Missing character: There is no ô in font cmr12!
Missing character: There is no ‚ in font cmr12!
Missing character: There is no Ä in font cmr12!
Missing character: There is no ã in font cmr12!
Missing character: There is no ‚ in font cmr12!
Missing character: There is no Ä in font cmr12!
Missing character: There is no ã in font cmr12!
)pdfTeX warning (ext4): destination with the same identifier (name{page.1}) has
 been already used, duplicate ignored
<to be read again> 
                   \relax 
l.144 \include{chapter1}
                         [1





]pdfTeX warning (ext4): destination with the same identifier (name{page.2}) has
 been already used, duplicate ignored
<to be read again> 
                   \relax 
l.144 \include{chapter1}
                         [2]
\openout2 = `chapter2.aux'.

 (./chapter2.tex
Chapter 2.
pdfTeX warning (ext4): destination with the same identifier (name{page.3}) has 
been already used, duplicate ignored
<to be read again> 
                   \relax 
l.19 
      [3




]pdfTeX warning (ext4): destination with the same identifier (name{page.4}) has
 been already used, duplicate ignored
<to be read again> 
                   \relax 
l.38 
      [4]pdfTeX warning (ext4): destination with the same identifier (name{page
.5}) has been already used, duplicate ignored
<to be read again> 
                   \relax 
l.54 
      [5]pdfTeX warning (ext4): destination with the same identifier (name{page
.6}) has been already used, duplicate ignored
<to be read again> 
                   \relax 
l.73 
      [6])pdfTeX warning (ext4): destination with the same identifier (name{pag
e.7}) has been already used, duplicate ignored
<to be read again> 
                   \relax 
l.146 \include{chapter2}
                         [7]
\openout2 = `chapter3.aux'.

 (./chapter3.tex
Chapter 3.
<./Figures/3_1.png, id=301, 836.12375pt x 596.2275pt>
File: ./Figures/3_1.png Graphic file (type png)
 <use ./Figures/3_1.png>
Package pdftex.def Info: ./Figures/3_1.png used on input line 10.
(pdftex.def)             Requested size: 334.44357pt x 238.48677pt.
pdfTeX warning (ext4): destination with the same identifier (name{page.8}) has 
been already used, duplicate ignored
<to be read again> 
                   \relax 
l.19 
      [8




 <./Figures/3_1.png>]
Missing character: There is no ‚ in font cmr12!
Missing character: There is no Ä in font cmr12!
Missing character: There is no ì in font cmr12!
Missing character: There is no ‚ in font cmr12!
Missing character: There is no Ä in font cmr12!
Missing character: There is no ì in font cmr12!
 [9] [10]
<./Figures/3_2.png, id=329, 493.0922pt x 431.36156pt>
File: ./Figures/3_2.png Graphic file (type png)
 <use ./Figures/3_2.png>
Package pdftex.def Info: ./Figures/3_2.png used on input line 73.
(pdftex.def)             Requested size: 345.16219pt x 301.95103pt.

[11 <./Figures/3_2.png>]
Missing character: There is no ‚ in font cmti12!
Missing character: There is no Ä in font cmti12!
Missing character: There is no ú in font cmti12!
Missing character: There is no ‚ in font cmti12!
Missing character: There is no Ä in font cmti12!
Missing character: There is no ù in font cmti12!
Missing character: There is no ‚ in font cmti12!
Missing character: There is no Ä in font cmti12!
Missing character: There is no ú in font cmti12!
Missing character: There is no ‚ in font cmti12!
Missing character: There is no Ä in font cmti12!
Missing character: There is no ù in font cmti12!
Missing character: There is no ‚ in font cmti12!
Missing character: There is no Ä in font cmti12!
Missing character: There is no ú in font cmti12!
Missing character: There is no ‚ in font cmti12!
Missing character: There is no Ä in font cmti12!
Missing character: There is no ù in font cmti12!

<./Figures/2010_dec_delhi.png, id=339, 1219.55624pt x 1003.75pt>
File: ./Figures/2010_dec_delhi.png Graphic file (type png)

<use ./Figures/2010_dec_delhi.png>
Package pdftex.def Info: ./Figures/2010_dec_delhi.png used on input line 108.
(pdftex.def)             Requested size: 365.86969pt x 301.12732pt.


LaTeX Warning: `h' float specifier changed to `ht'.


<./Figures/2010_dec_delhi_with_relative_diff.png, id=340, 1219.55624pt x 1003.7
5pt>
File: ./Figures/2010_dec_delhi_with_relative_diff.png Graphic file (type png)
 <use ./Figures/2010_dec_delhi_with_relative_diff.png>
Package pdftex.def Info: ./Figures/2010_dec_delhi_with_relative_diff.png used o
n input line 116.
(pdftex.def)             Requested size: 365.86969pt x 301.12732pt.


LaTeX Warning: `h' float specifier changed to `ht'.

[12]
Missing character: There is no ‚ in font cmti12!
Missing character: There is no Ä in font cmti12!
Missing character: There is no ú in font cmti12!

Underfull \hbox (badness 10000) in paragraph at lines 132--133

 []

[13 <./Figures/2010_dec_delhi.png>]
Underfull \hbox (badness 10000) in paragraph at lines 138--139

 []

Missing character: There is no ‚ in font cmti12!
Missing character: There is no Ä in font cmti12!
Missing character: There is no ù in font cmti12!
[14 <./Figures/2010_dec_delhi_with_relative_diff.png>]
<./Figures/2010_dec_maha.png, id=356, 1219.55624pt x 1003.75pt>
File: ./Figures/2010_dec_maha.png Graphic file (type png)

<use ./Figures/2010_dec_maha.png>
Package pdftex.def Info: ./Figures/2010_dec_maha.png used on input line 148.
(pdftex.def)             Requested size: 365.86969pt x 301.12732pt.

<./Figures/2010_dec_maha_relative.png, id=357, 1219.55624pt x 1003.75pt>
File: ./Figures/2010_dec_maha_relative.png Graphic file (type png)

<use ./Figures/2010_dec_maha_relative.png>
Package pdftex.def Info: ./Figures/2010_dec_maha_relative.png used on input lin
e 156.
(pdftex.def)             Requested size: 365.86969pt x 301.12732pt.


LaTeX Warning: `h' float specifier changed to `ht'.

<./Figures/2010_dec_mumbai.png, id=358, 1219.55624pt x 1003.75pt>
File: ./Figures/2010_dec_mumbai.png Graphic file (type png)

<use ./Figures/2010_dec_mumbai.png>
Package pdftex.def Info: ./Figures/2010_dec_mumbai.png used on input line 164.
(pdftex.def)             Requested size: 365.86969pt x 301.12732pt.


LaTeX Warning: `h' float specifier changed to `ht'.

<./Figures/2010_dec_mumbai_relative.png, id=359, 1219.55624pt x 1003.75pt>
File: ./Figures/2010_dec_mumbai_relative.png Graphic file (type png)

<use ./Figures/2010_dec_mumbai_relative.png>
Package pdftex.def Info: ./Figures/2010_dec_mumbai_relative.png used on input l
ine 172.
(pdftex.def)             Requested size: 365.86969pt x 301.12732pt.


LaTeX Warning: `h' float specifier changed to `ht'.

<./Figures/2011_jan_mumbai.png, id=367, 1219.55624pt x 1003.75pt>
File: ./Figures/2011_jan_mumbai.png Graphic file (type png)

<use ./Figures/2011_jan_mumbai.png>
Package pdftex.def Info: ./Figures/2011_jan_mumbai.png used on input line 182.
(pdftex.def)             Requested size: 365.86969pt x 301.12732pt.


LaTeX Warning: `h' float specifier changed to `ht'.


<./Figures/2011_jan_mumbai_relative_diff.png, id=369, 1219.55624pt x 1003.75pt>
File: ./Figures/2011_jan_mumbai_relative_diff.png Graphic file (type png)
<use ./Figures/2011_jan_mumbai_relative_diff.png>
Package pdftex.def Info: ./Figures/2011_jan_mumbai_relative_diff.png used on in
put line 190.
(pdftex.def)             Requested size: 365.86969pt x 301.12732pt.


LaTeX Warning: `h' float specifier changed to `ht'.

Missing character: There is no ‚ in font cmr12!
Missing character: There is no Ä in font cmr12!
Missing character: There is no ú in font cmr12!
Missing character: There is no ‚ in font cmr12!
Missing character: There is no Ä in font cmr12!
Missing character: There is no ù in font cmr12!
[15 <./Figures/2010_dec_maha.png>]
Missing character: There is no ‚ in font cmr12!
Missing character: There is no Ä in font cmr12!
Missing character: There is no ú in font cmr12!
Missing character: There is no ‚ in font cmr12!
Missing character: There is no Ä in font cmr12!
Missing character: There is no ù in font cmr12!
 [16 <./Figures/2010_dec_maha_relative.png>]
<./Figures/2012_jul_mumbai.png, id=394, 1219.55624pt x 1003.75pt>
File: ./Figures/2012_jul_mumbai.png Graphic file (type png)

<use ./Figures/2012_jul_mumbai.png>
Package pdftex.def Info: ./Figures/2012_jul_mumbai.png used on input line 208.
(pdftex.def)             Requested size: 365.86969pt x 301.12732pt.


LaTeX Warning: `h' float specifier changed to `ht'.

<./Figures/2013_july_mumbai.png, id=395, 1219.55624pt x 1003.75pt>
File: ./Figures/2013_july_mumbai.png Graphic file (type png)

<use ./Figures/2013_july_mumbai.png>
Package pdftex.def Info: ./Figures/2013_july_mumbai.png used on input line 216.

(pdftex.def)             Requested size: 365.86969pt x 301.12732pt.


LaTeX Warning: `h' float specifier changed to `ht'.

<./Figures/2013_aug_ahmdb.png, id=398, 1219.55624pt x 1003.75pt>
File: ./Figures/2013_aug_ahmdb.png Graphic file (type png)

<use ./Figures/2013_aug_ahmdb.png>
Package pdftex.def Info: ./Figures/2013_aug_ahmdb.png used on input line 227.
(pdftex.def)             Requested size: 365.86969pt x 301.12732pt.


LaTeX Warning: `h' float specifier changed to `ht'.

<./Figures/2013_aug_rajkot.png, id=399, 1219.55624pt x 1003.75pt>
File: ./Figures/2013_aug_rajkot.png Graphic file (type png)

<use ./Figures/2013_aug_rajkot.png>
Package pdftex.def Info: ./Figures/2013_aug_rajkot.png used on input line 235.
(pdftex.def)             Requested size: 365.86969pt x 301.12732pt.


LaTeX Warning: `h' float specifier changed to `ht'.

[17 <./Figures/2010_dec_mumbai.png>]
<./Figures/2014_mumbai.png, id=411, 1219.55624pt x 1003.75pt>
File: ./Figures/2014_mumbai.png Graphic file (type png)

<use ./Figures/2014_mumbai.png>
Package pdftex.def Info: ./Figures/2014_mumbai.png used on input line 246.
(pdftex.def)             Requested size: 365.86969pt x 301.12732pt.


LaTeX Warning: `h' float specifier changed to `ht'.

[18 <./Figures/2010_dec_mumbai_relative.png>]
Missing character: There is no ‚ in font cmr12!
Missing character: There is no Ä in font cmr12!
Missing character: There is no ô in font cmr12!
 [19 <./Figures/2011_jan_mumbai.png>]
Missing character: There is no ‚ in font cmr12!
Missing character: There is no Ä in font cmr12!
Missing character: There is no ô in font cmr12!
 [20 <./Figures/2011_jan_mumbai_relative_diff.png>] [21 <./Figures/2012_jul_mum
bai.png>] [22 <./Figures/2013_july_mumbai.png>]) [23 <./Figures/2013_aug_ahmdb.
png>] [24 <./Figures/2013_aug_rajkot.png>] [25 <./Figures/2014_mumbai.png>]
\openout2 = `chapter4.aux'.


(./chapter4.tex
Chapter 4.

Overfull \hbox (6.217pt too wide) in paragraph at lines 1--1
|\OT1/cmr/bx/n/24.88 Proposed De-sign and Frame-work| 
 []

<./Figures/System.png, id=458, 753.81625pt x 322.20375pt>
File: ./Figures/System.png Graphic file (type png)

<use ./Figures/System.png>
Package pdftex.def Info: ./Figures/System.png used on input line 8.
(pdftex.def)             Requested size: 376.90721pt x 161.10147pt.
 [26




 <./Figures/System.png>]
Missing character: There is no ‚ in font cmr12!
Missing character: There is no Ä in font cmr12!
Missing character: There is no ô in font cmr12!
 [27]
Missing character: There is no ‚ in font cmr12!
Missing character: There is no Ä in font cmr12!
Missing character: There is no ú in font cmr12!
Missing character: There is no ‚ in font cmr12!
Missing character: There is no Ä in font cmr12!
Missing character: There is no ù in font cmr12!
 [28]
Missing character: There is no ‚ in font cmr12!
Missing character: There is no Ä in font cmr12!
Missing character: There is no ú in font cmr12!
Missing character: There is no ‚ in font cmr12!
Missing character: There is no Ä in font cmr12!
Missing character: There is no ù in font cmr12!
 [29] [30])
[31]
\openout2 = `chapter5.aux'.

 (./chapter5.tex
Chapter 5.
) [32




] (./Thesis.bbl
Underfull \hbox (badness 3407) in paragraph at lines 9--12
[]\OT1/cmr/m/n/12 fcainfoweb.nic.in/pmsver2/reports/report[]menu[]web.aspx.  []
$\OT1/cmtt/m/n/12 http : / /
 []


Overfull \hbox (51.87773pt too wide) in paragraph at lines 14--18
\OT1/cmtt/m/n/12 flying-[]squads-[]to-[]tackle-[]onion-[]hoarding-[]in-[]mahara
shtra-[]113072200152 _
 []


Underfull \hbox (badness 10000) in paragraph at lines 20--25
[]\OT1/cmr/m/n/12 Govt wakes up from slum-ber to pre-vent onion
 []


Underfull \hbox (badness 10000) in paragraph at lines 20--25
\OT1/cmr/m/n/12 hoard-ing | lat-est news & up-dates at daily news
 []


Underfull \hbox (badness 10000) in paragraph at lines 20--25
\OT1/cmr/m/n/12 & anal-y-sis.  []$\OT1/cmtt/m/n/12 http : / / www . dnaindia . 
com / ahmedabad /
 []


Overfull \hbox (56.14159pt too wide) in paragraph at lines 20--25
\OT1/cmtt/m/n/12 report-[]govt-[]wakes-[]up-[]from-[]slumber-[]to-[]prevent-[]o
nion-[]hoarding-[]1876027$[]\OT1/cmr/m/n/12 .
 []


Underfull \hbox (badness 4217) in paragraph at lines 27--31
\OT1/cmr/m/n/12 times of in-dia.  []$\OT1/cmtt/m/n/12 http : / / timesofindia .
 indiatimes . com / india /
 []


Underfull \hbox (badness 10000) in paragraph at lines 27--31
\OT1/cmtt/m/n/12 The-[]great-[]onion-[]robbery-[]135-[]mark-[]up-[]from-[]mandi
-[]to-[]retail /
 []


Underfull \hbox (badness 10000) in paragraph at lines 33--37
[]\OT1/cmr/m/n/12 Hoarding push-ing onion prices up, govt finds - times
 []


Underfull \hbox (badness 10000) in paragraph at lines 33--37
\OT1/cmr/m/n/12 of in-dia.  []$\OT1/cmtt/m/n/12 http : / / timesofindia . india
times . com / india /
 []


Underfull \hbox (badness 10000) in paragraph at lines 33--37
\OT1/cmtt/m/n/12 Hoarding-[]pushing-[]onion-[]prices-[]up-[]govt-[]finds / arti
cleshow /
 []


Underfull \hbox (badness 7362) in paragraph at lines 39--43
[]\OT1/cmr/m/n/12 Kerala yet to ini-ti-ate ac-tion against onion hoard-ers - th
e
 []


Underfull \hbox (badness 10000) in paragraph at lines 39--43
\OT1/cmr/m/n/12 hindu.  []$\OT1/cmtt/m/n/12 http : / / www . thehindu . com / n
ews / national / kerala /
 []


Underfull \hbox (badness 10000) in paragraph at lines 39--43
\OT1/cmtt/m/n/12 kerala-[]yet-[]to-[]initiate-[]action-[]against-[]onion-[]hoar
ders /
 []


Underfull \hbox (badness 10000) in paragraph at lines 45--49
[]\OT1/cmr/m/n/12 No onion hoard-ing in delhi, don't politi-cise price rise:
 []


Underfull \hbox (badness 2809) in paragraph at lines 51--55
[]\OT1/cmr/m/n/12 Onion cri-sis wors-ened by hoard-ing?  []$\OT1/cmtt/m/n/12 ht
tp : / / www . ndtv . com /
 []

[33



]
Underfull \hbox (badness 10000) in paragraph at lines 57--61
[]\OT1/cmr/m/n/12 Onion price rise may be due to hoard-ing: Cen-tre -
 []


Underfull \hbox (badness 10000) in paragraph at lines 57--61
\OT1/cmr/m/n/12 times of in-dia.  []$\OT1/cmtt/m/n/12 http : / / timesofindia .
 indiatimes . com /
 []


Underfull \hbox (badness 10000) in paragraph at lines 57--61
\OT1/cmtt/m/n/12 india / Onion-[]price-[]rise-[]may-[]be-[]due-[]to-[]hoarding-
[]Centre /
 []


Underfull \hbox (badness 10000) in paragraph at lines 63--68
[]\OT1/cmr/m/n/12 Onion price rise: Nashik farm-ers put blame on hoard-
 []


Underfull \hbox (badness 10000) in paragraph at lines 63--68
\OT1/cmr/m/n/12 ers - timesofindia-economictimes.  []$\OT1/cmtt/m/n/12 http : /
 / articles .
 []


Underfull \hbox (badness 10000) in paragraph at lines 63--68
\OT1/cmtt/m/n/12 economictimes . indiatimes . com / 2014-[]06-[]20 / news / 507
39208 _ 1 _
 []


Underfull \hbox (badness 8151) in paragraph at lines 70--75
[]\OT1/cmr/m/n/12 Onion prices rise again at vashi agri-cul-tural pro-duce mar-

 []


Underfull \hbox (badness 10000) in paragraph at lines 70--75
\OT1/cmr/m/n/12 ket-ing com-mit-tee | lat-est news & up-dates at daily
 []


Underfull \hbox (badness 10000) in paragraph at lines 70--75
\OT1/cmr/m/n/12 news & anal-y-sis.  []$\OT1/cmtt/m/n/12 http : / / www . dnaind
ia . com / mumbai /
 []


Overfull \hbox (186.31665pt too wide) in paragraph at lines 70--75
\OT1/cmtt/m/n/12 report-[]onion-[]prices-[]rise-[]again-[]at-[]vashi-[]agricult
ural-[]produce-[]marketing-[]committee-[]1493407$[]\OT1/cmr/m/n/12 .
 []


Underfull \hbox (badness 10000) in paragraph at lines 77--81
[]\OT1/cmr/m/n/12 Rains, hoard-ing make veg-eta-bles costlier.  []$\OT1/cmtt/m/
n/12 http : / / www .
 []


Underfull \hbox (badness 10000) in paragraph at lines 77--81
\OT1/cmtt/m/n/12 deccanchronicle . com / 140720 / nation-[]current-[]affairs / 
article /
 []


Underfull \hbox (badness 10000) in paragraph at lines 77--81
\OT1/cmtt/m/n/12 rains-[]hoarding-[]make-[]vegetables-[]costlier$[]\OT1/cmr/m/n
/12 .  (Vis-ited on
 []

[34])
Package atveryend Info: Empty hook `BeforeClearDocument' on input line 160.
 [35]
Package atveryend Info: Empty hook `AfterLastShipout' on input line 160.
 (./Thesis.aux (./titlepage.aux) (./certificate.aux) (./abstract.aux) (./acknow
ledgement.aux) (./chapter1.aux) (./chapter2.aux) (./chapter3.aux)
(./chapter4.aux) (./chapter5.aux))
Package atveryend Info: Executing hook `AtVeryEndDocument' on input line 160.
Package atveryend Info: Executing hook `AtEndAfterFileList' on input line 160.
Package rerunfilecheck Info: File `Thesis.out' has not changed.
(rerunfilecheck)             Checksum: 969EBF1F5D0EC66DC994B51280CA95F0;2227.


LaTeX Font Warning: Some font shapes were not available, defaults substituted.

Package atveryend Info: Empty hook `AtVeryVeryEnd' on input line 160.
 ) 
Here is how much of TeX's memory you used:
 8749 strings out of 493304
 129337 string characters out of 6139872
 318520 words of memory out of 5000000
 11857 multiletter control sequences out of 15000+600000
 13472 words of font info for 49 fonts, out of 8000000 for 9000
 957 hyphenation exceptions out of 8191
 44i,20n,48p,980b,498s stack positions out of 5000i,500n,10000p,200000b,80000s
</usr/share/texlive/texmf-dist/fonts/type1/public/amsfonts/cm/cmbx12.pfb></us
r/share/texlive/texmf-dist/fonts/type1/public/amsfonts/cm/cmbxti10.pfb></usr/sh
are/texlive/texmf-dist/fonts/type1/public/amsfonts/cm/cmmi12.pfb></usr/share/te
xlive/texmf-dist/fonts/type1/public/amsfonts/cm/cmr12.pfb></usr/share/texlive/t
exmf-dist/fonts/type1/public/amsfonts/cm/cmr17.pfb></usr/share/texlive/texmf-di
st/fonts/type1/public/amsfonts/cm/cmssbx10.pfb></usr/share/texlive/texmf-dist/f
onts/type1/public/amsfonts/cm/cmsy10.pfb></usr/share/texlive/texmf-dist/fonts/t
ype1/public/amsfonts/cm/cmti12.pfb></usr/share/texlive/texmf-dist/fonts/type1/p
ublic/amsfonts/cm/cmtt12.pfb>
Output written on Thesis.pdf (44 pages, 1741430 bytes).
PDF statistics:
 611 PDF objects out of 1000 (max. 8388607)
 525 compressed objects within 6 object streams
 126 named destinations out of 1000 (max. 500000)
 350 words of extra memory for PDF output out of 10000 (max. 10000000)

