\BOOKMARK [0][-]{chapter.1}{Introduction}{}% 1
\BOOKMARK [1][-]{section.1.1}{Motivation}{chapter.1}% 2
\BOOKMARK [1][-]{section.1.2}{Objective}{chapter.1}% 3
\BOOKMARK [1][-]{section.1.3}{Relavence of Project}{chapter.1}% 4
\BOOKMARK [0][-]{chapter.2}{Literature Survey}{}% 5
\BOOKMARK [1][-]{section.2.1}{What is Anomaly Detection?}{chapter.2}% 6
\BOOKMARK [1][-]{section.2.2}{Onion Case}{chapter.2}% 7
\BOOKMARK [1][-]{section.2.3}{ Other Cases}{chapter.2}% 8
\BOOKMARK [2][-]{subsection.2.3.1}{Sugarcane Case}{section.2.3}% 9
\BOOKMARK [0][-]{chapter.3}{Study of Onion Data: Collection and Analysis}{}% 10
\BOOKMARK [1][-]{section.3.1}{System}{chapter.3}% 11
\BOOKMARK [1][-]{section.3.2}{Data we have}{chapter.3}% 12
\BOOKMARK [1][-]{section.3.3}{Normal market behaviour}{chapter.3}% 13
\BOOKMARK [1][-]{section.3.4}{What are the reasons for anomaly?}{chapter.3}% 14
\BOOKMARK [1][-]{section.3.5}{Mapping of wholesale price to retail price}{chapter.3}% 15
\BOOKMARK [1][-]{section.3.6}{How to Define Anomaly?}{chapter.3}% 16
\BOOKMARK [2][-]{subsection.3.6.1}{Summary Of News Atricles}{section.3.6}% 17
\BOOKMARK [1][-]{section.3.7}{Characteristics of anomaly}{chapter.3}% 18
\BOOKMARK [0][-]{chapter.4}{CHAPTER NAME}{}% 19
\BOOKMARK [1][-]{section.4.1}{SECTION NAME}{chapter.4}% 20
\BOOKMARK [1][-]{section.4.2}{SECTION NAME}{chapter.4}% 21
\BOOKMARK [1][-]{section.4.3}{SECTION NAME}{chapter.4}% 22
\BOOKMARK [0][-]{chapter.5}{Conclusion}{}% 23
\BOOKMARK [0][-]{chapter*.6}{Bibliography}{}% 24
